[2m00:40:13[22m [33m[1m[vite][22m[39m [33mwarning: `esbuild` option was specified by "vite:react-babel" plugin. This option is deprecated, please use `oxc` instead.[39m
`optimizeDeps.rollupOptions` / `ssr.optimizeDeps.rollupOptions` is deprecated. Use `optimizeDeps.rolldownOptions` instead. Note that this option may be set by a plugin. Set VITE_DEPRECATION_TRACE=1 to see where it is called.
[vite:react-babel] We recommend switching to `@vitejs/plugin-react-oxc` for improved performance. More information at https://vite.dev/rolldown
[36mvite v8.0.0 [32mbuilding client environment for production...[36m[39m
[2Ktransforming...✓ 617 modules transformed.
rendering chunks...
computing gzip size...
dist/index.html                   0.80 kB │ gzip:   0.45 kB
dist/assets/index-DAguE_St.css   42.76 kB │ gzip:   8.16 kB
dist/assets/index-Yriok0gL.js   747.83 kB │ gzip: 214.58 kB

[33m[plugin builtin:vite-reporter] 
(!) Some chunks are larger than 500 kB after minification. Consider:
- Using dynamic import() to code-split the application
- Use build.rolldownOptions.output.codeSplitting to improve chunking: https://rolldown.rs/reference/OutputOptions.codeSplitting
- Adjust chunk size limit for this warning via build.chunkSizeWarningLimit.[39m
[31m✗[39m Build failed in 708ms
[31merror during build:
[31mBuild failed with 1 error:

Error: [vite]: Rolldown failed to resolve import "react-is" from "C:/Users/tahay/Desktop/pc-teklif-v1/node_modules/recharts/es6/util/ReactUtils.js".
This is most likely unintended because it can break your application at runtime.
If you do want to externalize this module explicitly add it to
`build.rollupOptions.external`
    at viteLog (file:///C:/Users/tahay/Desktop/pc-teklif-v1/node_modules/vite/dist/node/chunks/node.js:32887:57)
    at file:///C:/Users/tahay/Desktop/pc-teklif-v1/node_modules/vite/dist/node/chunks/node.js:32923:71
    at onwarn (file:///C:/Users/tahay/Desktop/pc-teklif-v1/node_modules/@vitejs/plugin-react/dist/index.js:90:7)
    at file:///C:/Users/tahay/Desktop/pc-teklif-v1/node_modules/vite/dist/node/chunks/node.js:32923:28
    at onRollupLog (file:///C:/Users/tahay/Desktop/pc-teklif-v1/node_modules/vite/dist/node/chunks/node.js:32918:63)
    at onLog (file:///C:/Users/tahay/Desktop/pc-teklif-v1/node_modules/vite/dist/node/chunks/node.js:32688:4)
    at file:///C:/Users/tahay/Desktop/pc-teklif-v1/node_modules/rolldown/dist/shared/rolldown-build-4YnQkA76.mjs:49:26
    at logger (file:///C:/Users/tahay/Desktop/pc-teklif-v1/node_modules/rolldown/dist/shared/rolldown-build-4YnQkA76.mjs:40:3)
    at onLog (file:///C:/Users/tahay/Desktop/pc-teklif-v1/node_modules/rolldown/dist/shared/bindingify-input-options-Cu7pt6SZ.mjs:1945:32)[31m
    at aggregateBindingErrorsIntoJsError (file:///C:/Users/tahay/Desktop/pc-teklif-v1/node_modules/rolldown/dist/shared/error-CP8smW_P.mjs:48:18)
    at unwrapBindingResult (file:///C:/Users/tahay/Desktop/pc-teklif-v1/node_modules/rolldown/dist/shared/error-CP8smW_P.mjs:18:128)
    at #build (file:///C:/Users/tahay/Desktop/pc-teklif-v1/node_modules/rolldown/dist/shared/rolldown-build-4YnQkA76.mjs:3311:34)
    at async buildEnvironment (file:///C:/Users/tahay/Desktop/pc-teklif-v1/node_modules/vite/dist/node/chunks/node.js:32794:64)
    at async Object.build (file:///C:/Users/tahay/Desktop/pc-teklif-v1/node_modules/vite/dist/node/chunks/node.js:33216:19)
    at async Object.buildApp (file:///C:/Users/tahay/Desktop/pc-teklif-v1/node_modules/vite/dist/node/chunks/node.js:33213:153)
    at async CAC.<anonymous> (file:///C:/Users/tahay/Desktop/pc-teklif-v1/node_modules/vite/dist/node/cli.js:778:3) {
  errors: [Getter/Setter]
}[39m
